Build started 12/06/2021 13:26:34.
     1>Project "D:\New folder\shared\Demo15\SysCore\FloppyDisk\FloppyDisk.vcxproj" on node 2 (build target(s)).
     1>InitializeBuildStatus:
         Creating "Debug\FloppyDisk.unsuccessfulbuild" because "AlwaysCreate" was specified.
       ClCompile:
         C:\Program Files (x86)\Microsoft Visual Studio 10.0\VC\bin\CL.exe /c /I..\Include\ /Zi /nologo /W4 /WX- /Ox /Oy /D ARCH_X86 /X /Gm- /EHsc /MD /Zp1 /GS- /fp:precise /Zc:wchar_t /Zc:forScope /GR- /FAs /Fa"Debug\\" /Fo"Debug\\" /Fd"Debug\vc100.pdb" /Gd /TP /analyze- /errorReport:prompt flpydsk.cpp
         flpydsk.cpp
     1>flpydsk.cpp(349): warning C4244: 'argument' : conversion from 'uint32_t' to 'uint8_t', possible loss of data
     1>flpydsk.cpp(365): warning C4244: 'argument' : conversion from 'uint32_t' to 'uint8_t', possible loss of data
     1>flpydsk.cpp(367): warning C4244: 'argument' : conversion from 'uint32_t' to 'uint8_t', possible loss of data
     1>flpydsk.cpp(385): warning C4244: 'argument' : conversion from 'uint32_t' to 'uint8_t', possible loss of data
     1>flpydsk.cpp(480): warning C4244: 'argument' : conversion from 'uint32_t' to 'uint8_t', possible loss of data
     1>flpydsk.cpp(481): warning C4244: 'argument' : conversion from 'uint32_t' to 'uint8_t', possible loss of data
     1>flpydsk.cpp(552): warning C4244: 'argument' : conversion from 'int' to 'uint8_t', possible loss of data
     1>flpydsk.cpp(552): warning C4244: 'argument' : conversion from 'int' to 'uint8_t', possible loss of data
     1>flpydsk.cpp(552): warning C4244: 'argument' : conversion from 'int' to 'uint8_t', possible loss of data
       Lib:
         C:\Program Files (x86)\Microsoft Visual Studio 10.0\VC\bin\Lib.exe /OUT:"D:\New folder\shared\Demo15\SysCore\Debug\FloppyDisk.lib" /NOLOGO Debug\flpydsk.obj
         FloppyDisk.vcxproj -> D:\New folder\shared\Demo15\SysCore\Debug\FloppyDisk.lib
       FinalizeBuildStatus:
         Deleting file "Debug\FloppyDisk.unsuccessfulbuild".
         Touching "Debug\FloppyDisk.lastbuildstate".
     1>Done Building Project "D:\New folder\shared\Demo15\SysCore\FloppyDisk\FloppyDisk.vcxproj" (build target(s)).

Build succeeded.

Time Elapsed 00:00:00.32
